<?xml version="1.0" encoding="UTF-8"?>
<!-- Generated by org.testng.reporters.JUnitReportReporter -->
<testsuite hostname="DESKTOP-M1U6SU2" failures="0" tests="1" name="com.Qspiders.computer.AddToCartTest" time="5.067" errors="0" timestamp="2025-01-30T20:33:07 IST" skipped="0">
  <testcase classname="com.Qspiders.computer.AddToCartTest" name="addToCart" time="5.067"/>
  <system-out/>
</testsuite> <!-- com.Qspiders.computer.AddToCartTest -->
